# JRE version: Java(TM) SE Runtime Environment (8.0_261-b12) (build 1.8.0_261-b12)
# Java VM: Java HotSpot(TM) 64-Bit Server VM (25.261-b12 mixed mode windows-amd64 compressed oops)
Heap:
 PSYoungGen      total 182784K, used 182770K [0x000000076b380000, 0x0000000782b80000, 0x00000007c0000000)
  eden space 164864K, 100% used [0x000000076b380000,0x0000000775480000,0x0000000775480000)
  from space 17920K, 99% used [0x0000000775480000,0x00000007765fcb80,0x0000000776600000)
  to   space 53248K, 27% used [0x000000077f780000,0x00000007805c6ab0,0x0000000782b80000)
 ParOldGen       total 144896K, used 83338K [0x00000006c1a00000, 0x00000006ca780000, 0x000000076b380000)
  object space 144896K, 57% used [0x00000006c1a00000,0x00000006c6b628c0,0x00000006ca780000)
 Metaspace       used 44264K, capacity 46060K, committed 46336K, reserved 1089536K
  class space    used 6022K, capacity 6340K, committed 6400K, reserved 1048576K
GC Heap History (10 events):
Event: 17.650 GC heap before
{Heap before GC invocations=5 (full 1):
 PSYoungGen      total 76288K, used 72969K [0x000000076b380000, 0x0000000773100000, 0x00000007c0000000)
  eden space 65536K, 100% used [0x000000076b380000,0x000000076f380000,0x000000076f380000)
  from space 10752K, 69% used [0x000000076f380000,0x000000076fac2540,0x000000076fe00000)
  to   space 10752K, 0% used [0x0000000772680000,0x0000000772680000,0x0000000773100000)
 ParOldGen       total 112128K, used 10035K [0x00000006c1a00000, 0x00000006c8780000, 0x000000076b380000)
  object space 112128K, 8% used [0x00000006c1a00000,0x00000006c23cce90,0x00000006c8780000)
 Metaspace       used 33160K, capacity 34418K, committed 34688K, reserved 1079296K
  class space    used 4652K, capacity 4883K, committed 4992K, reserved 1048576K
Event: 17.673 GC heap after
Heap after GC invocations=5 (full 1):
 PSYoungGen      total 113664K, used 9272K [0x000000076b380000, 0x0000000773000000, 0x00000007c0000000)
  eden space 103936K, 0% used [0x000000076b380000,0x000000076b380000,0x0000000771900000)
  from space 9728K, 95% used [0x0000000772680000,0x0000000772f8e150,0x0000000773000000)
  to   space 10752K, 0% used [0x0000000771b00000,0x0000000771b00000,0x0000000772580000)
 ParOldGen       total 112128K, used 10043K [0x00000006c1a00000, 0x00000006c8780000, 0x000000076b380000)
  object space 112128K, 8% used [0x00000006c1a00000,0x00000006c23cee90,0x00000006c8780000)
 Metaspace       used 33160K, capacity 34418K, committed 34688K, reserved 1079296K
  class space    used 4652K, capacity 4883K, committed 4992K, reserved 1048576K
}
Event: 17.914 GC heap before
{Heap before GC invocations=6 (full 1):
 PSYoungGen      total 113664K, used 18835K [0x000000076b380000, 0x0000000773000000, 0x00000007c0000000)
  eden space 103936K, 9% used [0x000000076b380000,0x000000076bcd6c68,0x0000000771900000)
  from space 9728K, 95% used [0x0000000772680000,0x0000000772f8e150,0x0000000773000000)
  to   space 10752K, 0% used [0x0000000771b00000,0x0000000771b00000,0x0000000772580000)
 ParOldGen       total 112128K, used 10043K [0x00000006c1a00000, 0x00000006c8780000, 0x000000076b380000)
  object space 112128K, 8% used [0x00000006c1a00000,0x00000006c23cee90,0x00000006c8780000)
 Metaspace       used 34050K, capacity 35310K, committed 35416K, reserved 1079296K
  class space    used 4753K, capacity 5025K, committed 5120K, reserved 1048576K
Event: 17.921 GC heap after
Heap after GC invocations=6 (full 1):
 PSYoungGen      total 116736K, used 5043K [0x000000076b380000, 0x0000000777180000, 0x00000007c0000000)
  eden space 105984K, 0% used [0x000000076b380000,0x000000076b380000,0x0000000771b00000)
  from space 10752K, 46% used [0x0000000771b00000,0x0000000771fecd58,0x0000000772580000)
  to   space 11776K, 0% used [0x0000000776600000,0x0000000776600000,0x0000000777180000)
 ParOldGen       total 112128K, used 10051K [0x00000006c1a00000, 0x00000006c8780000, 0x000000076b380000)
  object space 112128K, 8% used [0x00000006c1a00000,0x00000006c23d0e90,0x00000006c8780000)
 Metaspace       used 34050K, capacity 35310K, committed 35416K, reserved 1079296K
  class space    used 4753K, capacity 5025K, committed 5120K, reserved 1048576K
}
Event: 17.921 GC heap before
{Heap before GC invocations=7 (full 2):
 PSYoungGen      total 116736K, used 5043K [0x000000076b380000, 0x0000000777180000, 0x00000007c0000000)
  eden space 105984K, 0% used [0x000000076b380000,0x000000076b380000,0x0000000771b00000)
  from space 10752K, 46% used [0x0000000771b00000,0x0000000771fecd58,0x0000000772580000)
  to   space 11776K, 0% used [0x0000000776600000,0x0000000776600000,0x0000000777180000)
 ParOldGen       total 112128K, used 10051K [0x00000006c1a00000, 0x00000006c8780000, 0x000000076b380000)
  object space 112128K, 8% used [0x00000006c1a00000,0x00000006c23d0e90,0x00000006c8780000)
 Metaspace       used 34050K, capacity 35310K, committed 35416K, reserved 1079296K
  class space    used 4753K, capacity 5025K, committed 5120K, reserved 1048576K
Event: 17.974 GC heap after
Heap after GC invocations=7 (full 2):
 PSYoungGen      total 116736K, used 0K [0x000000076b380000, 0x0000000777180000, 0x00000007c0000000)
  eden space 105984K, 0% used [0x000000076b380000,0x000000076b380000,0x0000000771b00000)
  from space 10752K, 0% used [0x0000000771b00000,0x0000000771b00000,0x0000000772580000)
  to   space 11776K, 0% used [0x0000000776600000,0x0000000776600000,0x0000000777180000)
 ParOldGen       total 144896K, used 10178K [0x00000006c1a00000, 0x00000006ca780000, 0x000000076b380000)
  object space 144896K, 7% used [0x00000006c1a00000,0x00000006c23f08d8,0x00000006ca780000)
 Metaspace       used 34022K, capacity 35230K, committed 35416K, reserved 1079296K
  class space    used 4743K, capacity 5009K, committed 5120K, reserved 1048576K
}
Event: 22.452 GC heap before
{Heap before GC invocations=8 (full 2):
 PSYoungGen      total 116736K, used 105984K [0x000000076b380000, 0x0000000777180000, 0x00000007c0000000)
  eden space 105984K, 100% used [0x000000076b380000,0x0000000771b00000,0x0000000771b00000)
  from space 10752K, 0% used [0x0000000771b00000,0x0000000771b00000,0x0000000772580000)
  to   space 11776K, 0% used [0x0000000776600000,0x0000000776600000,0x0000000777180000)
 ParOldGen       total 144896K, used 10178K [0x00000006c1a00000, 0x00000006ca780000, 0x000000076b380000)
  object space 144896K, 7% used [0x00000006c1a00000,0x00000006c23f08d8,0x00000006ca780000)
 Metaspace       used 43474K, capacity 45276K, committed 45568K, reserved 1089536K
  class space    used 5979K, capacity 6284K, committed 6400K, reserved 1048576K
Event: 22.523 GC heap after
Heap after GC invocations=8 (full 2):
 PSYoungGen      total 176640K, used 11771K [0x000000076b380000, 0x0000000778500000, 0x00000007c0000000)
  eden space 164864K, 0% used [0x000000076b380000,0x000000076b380000,0x0000000775480000)
  from space 11776K, 99% used [0x0000000776600000,0x000000077717ec50,0x0000000777180000)
  to   space 17920K, 0% used [0x0000000775480000,0x0000000775480000,0x0000000776600000)
 ParOldGen       total 144896K, used 18349K [0x00000006c1a00000, 0x00000006ca780000, 0x000000076b380000)
  object space 144896K, 12% used [0x00000006c1a00000,0x00000006c2beb6b8,0x00000006ca780000)
 Metaspace       used 43474K, capacity 45276K, committed 45568K, reserved 1089536K
  class space    used 5979K, capacity 6284K, committed 6400K, reserved 1048576K
}
Event: 32.086 GC heap before
{Heap before GC invocations=9 (full 2):
 PSYoungGen      total 176640K, used 176635K [0x000000076b380000, 0x0000000778500000, 0x00000007c0000000)
  eden space 164864K, 100% used [0x000000076b380000,0x0000000775480000,0x0000000775480000)
  from space 11776K, 99% used [0x0000000776600000,0x000000077717ec50,0x0000000777180000)
  to   space 17920K, 0% used [0x0000000775480000,0x0000000775480000,0x0000000776600000)
 ParOldGen       total 144896K, used 18349K [0x00000006c1a00000, 0x00000006ca780000, 0x000000076b380000)
  object space 144896K, 12% used [0x00000006c1a00000,0x00000006c2beb6b8,0x00000006ca780000)
 Metaspace       used 44153K, capacity 45996K, committed 46336K, reserved 1089536K
  class space    used 6012K, capacity 6340K, committed 6400K, reserved 1048576K
Event: 32.257 GC heap after
Heap after GC invocations=9 (full 2):
 PSYoungGen      total 182784K, used 17906K [0x000000076b380000, 0x0000000782b80000, 0x00000007c0000000)
  eden space 164864K, 0% used [0x000000076b380000,0x000000076b380000,0x0000000775480000)
  from space 17920K, 99% used [0x0000000775480000,0x00000007765fcb80,0x0000000776600000)
  to   space 53248K, 0% used [0x000000077f780000,0x000000077f780000,0x0000000782b80000)
 ParOldGen       total 144896K, used 83330K [0x00000006c1a00000, 0x00000006ca780000, 0x000000076b380000)
  object space 144896K, 57% used [0x00000006c1a00000,0x00000006c6b608c0,0x00000006ca780000)
 Metaspace       used 44153K, capacity 45996K, committed 46336K, reserved 1089536K
  class space    used 6012K, capacity 6340K, committed 6400K, reserved 1048576K
}

